Build started 9/2/2014 2:10:27 PM.
     1>Project "D:\Documents\Visual Studio Projects\SoftDev Post 2\NetworkedGame1\NetworkedGame1.vcxproj" on node 2 (build target(s)).
     1>InitializeBuildStatus:
         Creating "Debug\NetworkedGame1.unsuccessfulbuild" because "AlwaysCreate" was specified.
       ClCompile:
         C:\Program Files (x86)\Microsoft Visual Studio 10.0\VC\bin\CL.exe /c /I"D:\Documents\Visual Studio Projects\SoftDev Post 2\NetworkedGame1\..\EngineCore\Code\\" /ZI /nologo /W4 /WX- /Od /Oy- /D WIN32 /D _DEBUG /D _WINDOWS /D _UNICODE /D UNICODE /Gm /EHsc /RTC1 /MDd /GS /fp:precise /Zc:wchar_t /Zc:forScope /Fo"Debug\\" /Fd"Debug\vc100.pdb" /Gd /TP /analyze- /errorReport:prompt Code\Camera.cpp
         Camera.cpp
       ManifestResourceCompile:
         All outputs are up-to-date.
       Link:
         C:\Program Files (x86)\Microsoft Visual Studio 10.0\VC\bin\link.exe /ERRORREPORT:PROMPT /OUT:"D:\Documents\Visual Studio Projects\SoftDev Post 2\NetworkedGame1\Debug\NetworkedGame1.exe" /INCREMENTAL /NOLOGO EngineCore.lib kernel32.lib user32.lib gdi32.lib winspool.lib comdlg32.lib advapi32.lib shell32.lib ole32.lib oleaut32.lib uuid.lib odbc32.lib odbccp32.lib /MANIFEST /ManifestFile:"Debug\NetworkedGame1.exe.intermediate.manifest" /MANIFESTUAC:"level='asInvoker' uiAccess='false'" /DEBUG /PDB:"D:\Documents\Visual Studio Projects\SoftDev Post 2\NetworkedGame1\Debug\NetworkedGame1.pdb" /SUBSYSTEM:WINDOWS /TLBID:1 /DYNAMICBASE /NXCOMPAT /IMPLIB:"D:\Documents\Visual Studio Projects\SoftDev Post 2\NetworkedGame1\Debug\NetworkedGame1.lib" /MACHINE:X86 Debug\NetworkedGame1.exe.embed.manifest.res
         Debug\Camera.obj
         Debug\Connection.obj
         Debug\Entity.obj
         Debug\Panzerfaust.obj
         Debug\User.obj
         Debug\WIN32_Main.obj
       Manifest:
         C:\Program Files (x86)\Microsoft SDKs\Windows\v7.0A\bin\mt.exe /nologo /verbose /out:"Debug\NetworkedGame1.exe.embed.manifest" /manifest Debug\NetworkedGame1.exe.intermediate.manifest
         All outputs are up-to-date.
       LinkEmbedManifest:
         All outputs are up-to-date.
         NetworkedGame1.vcxproj -> D:\Documents\Visual Studio Projects\SoftDev Post 2\NetworkedGame1\Debug\NetworkedGame1.exe
       FinalizeBuildStatus:
         Deleting file "Debug\NetworkedGame1.unsuccessfulbuild".
         Touching "Debug\NetworkedGame1.lastbuildstate".
     1>Done Building Project "D:\Documents\Visual Studio Projects\SoftDev Post 2\NetworkedGame1\NetworkedGame1.vcxproj" (build target(s)).

Build succeeded.

Time Elapsed 00:00:00.77
